<?xml version="1.0" encoding="UTF-8"?>
<!-- Generated by org.testng.reporters.JUnitXMLReporter -->
<testsuite hostname="DESKTOP-0KI8Q7C" ignored="0" name="Surefire test" tests="4" failures="0" timestamp="11 Sep 2021 08:18:05 GMT" time="0.051" errors="0">
  <testcase name="deletetwitter" time="0.012" classname="msacademy.Mavenjava.RESTAPITest"/>
  <testcase name="restapi" time="0.002" classname="msacademy.Mavenjava.RESTAPITest"/>
  <testcase name="browserautomation" time="0.0" classname="msacademy.Mavenjava.SeleniumTest"/>
  <testcase name="elements" time="0.0" classname="msacademy.Mavenjava.SeleniumTest"/>
</testsuite> <!-- Surefire test -->
