<?xml version="1.0" encoding="UTF-8"?>
<!-- Generated by org.testng.reporters.JUnitXMLReporter -->
<testsuite hostname="DESKTOP-0KI8Q7C" ignored="1" name="Default test" tests="1" failures="0" timestamp="2021-09-11T13:50:04 IST" time="0.057" errors="0">
  <testcase name="IOSApps" time="0.01" classname="msacademy.Mavenjava.Appium"/>
  <testcase name="appleproduct" time="0.0" classname="msacademy.Mavenjava.Appium">
    <ignored/>
  </testcase> <!-- appleproduct -->
</testsuite> <!-- Default test -->
