<?xml version="1.0" encoding="UTF-8"?>
<!-- Generated by org.testng.reporters.JUnitXMLReporter -->
<testsuite hostname="DESKTOP-0KI8Q7C" ignored="0" name="Test" tests="6" failures="0" timestamp="2021-09-11T13:36:59 IST" time="0.126" errors="0">
  <testcase name="IOSApps" time="0.01" classname="msacademy.Mavenjava.Appium"/>
  <testcase name="appleproduct" time="0.002" classname="msacademy.Mavenjava.Appium"/>
  <testcase name="browserautomation" time="0.002" classname="msacademy.Mavenjava.SeleniumTest"/>
  <testcase name="elements" time="0.009" classname="msacademy.Mavenjava.SeleniumTest"/>
  <testcase name="deletetwitter" time="0.006" classname="msacademy.Mavenjava.RESTAPITest"/>
  <testcase name="restapi" time="0.007" classname="msacademy.Mavenjava.RESTAPITest"/>
</testsuite> <!-- Test -->
