<?xml version="1.0" encoding="UTF-8"?>
<!-- Generated by org.testng.reporters.JUnitXMLReporter -->
<testsuite hostname="DESKTOP-0KI8Q7C" ignored="0" name="Test" tests="6" failures="0" timestamp="11 Sep 2021 08:20:26 GMT" time="0.052" errors="0">
  <testcase name="IOSApps" time="0.019" classname="msacademy.Mavenjava.Appium"/>
  <testcase name="appleproduct" time="0.0" classname="msacademy.Mavenjava.Appium"/>
  <testcase name="browserautomation" time="0.001" classname="msacademy.Mavenjava.SeleniumTest"/>
  <testcase name="elements" time="0.001" classname="msacademy.Mavenjava.SeleniumTest"/>
  <testcase name="deletetwitter" time="0.0" classname="msacademy.Mavenjava.RESTAPITest"/>
  <testcase name="restapi" time="0.0" classname="msacademy.Mavenjava.RESTAPITest"/>
</testsuite> <!-- Test -->
