<?xml version="1.0" encoding="UTF-8"?>
<testng-results skipped="0" failed="0" ignored="1" total="2" passed="1">
  <reporter-output>
  </reporter-output>
  <suite name="Default suite" duration-ms="57" started-at="2021-09-11T13:50:04 IST" finished-at="2021-09-11T13:50:04 IST">
    <groups>
    </groups>
    <test name="Default test" duration-ms="57" started-at="2021-09-11T13:50:04 IST" finished-at="2021-09-11T13:50:04 IST">
      <class name="msacademy.Mavenjava.Appium">
        <test-method status="PASS" signature="IOSApps()[pri:0, instance:msacademy.Mavenjava.Appium@75881071]" name="IOSApps" duration-ms="10" started-at="2021-09-11T13:50:04 IST" finished-at="2021-09-11T13:50:04 IST">
          <reporter-output>
          </reporter-output>
        </test-method> <!-- IOSApps -->
      </class> <!-- msacademy.Mavenjava.Appium -->
    </test> <!-- Default test -->
  </suite> <!-- Default suite -->
</testng-results>
